<?xml version="1.0" encoding="UTF-8"?>
<!-- Generated by org.testng.reporters.JUnitReportReporter -->
<testsuite skipped="0" name="mvn_framework_testing.WriteExcel" tests="1" failures="0" timestamp="14 Mar 2018 07:31:58 GMT" time="0.838" errors="0">
  <testcase name="writeex" time="0.838" classname="mvn_framework_testing.WriteExcel"/>
</testsuite> <!-- mvn_framework_testing.WriteExcel -->
