<?xml version="1.0" encoding="UTF-8"?>
<!-- Generated by org.testng.reporters.JUnitReportReporter -->
<testsuite skipped="0" name="com.mvn.genericlibraries.RandomValues" tests="1" failures="0" timestamp="15 Mar 2018 10:02:18 GMT" time="0.016" errors="0">
  <testcase name="randomtime" time="0.016" classname="com.mvn.genericlibraries.RandomValues"/>
</testsuite> <!-- com.mvn.genericlibraries.RandomValues -->
